
Results for run: results.test
Topic: ALL	-	Qrel_size: 	3681
Topic: ALL	-	Topic_size: 	3
Topic: 301	-	NumRet: 	500
Topic: 302	-	NumRet: 	500
Topic: 303	-	NumRet: 	500
Topic: ALL	-	NumRet: 	1500
Topic: 301	-	NumRel: 	474
Topic: 302	-	NumRel: 	77
Topic: 303	-	NumRel: 	10
Topic: ALL	-	NumRel: 	561
Topic: 301	-	NumRelRet: 	71
Topic: 302	-	NumRelRet: 	50
Topic: 303	-	NumRelRet: 	10
Topic: ALL	-	NumRelRet: 	131
Topic: 301	-	MAP: 	0,0324
Topic: 302	-	MAP: 	0,4175
Topic: 303	-	MAP: 	0,0858
Topic: ALL	-	MAP: 	0,1785
Topic: ALL	-	GMAP: 	0,1051
Topic: 301	-	RPrec: 	0,1456
Topic: 302	-	RPrec: 	0,5065
Topic: 303	-	RPrec: 	0
Topic: ALL	-	RPrec: 	0,2174
Topic: 301	-	BPref: 	0,1230
Topic: 302	-	BPref: 	0,4712
Topic: 303	-	BPref: 	0
Topic: ALL	-	BPref: 	0,1981
Topic: 301	-	MRR: 	0,1667
Topic: 302	-	MRR: 	1
Topic: 303	-	MRR: 	0,0526
Topic: ALL	-	MRR: 	0,4064
Topic: 301	-	P&RCurve_at_recall_level_0:	0,2857
Topic: 301	-	P&RCurve_at_recall_level_1:	0,2096
Topic: 301	-	P&RCurve_at_recall_level_2:	0
Topic: 301	-	P&RCurve_at_recall_level_3:	0
Topic: 301	-	P&RCurve_at_recall_level_4:	0
Topic: 301	-	P&RCurve_at_recall_level_5:	0
Topic: 301	-	P&RCurve_at_recall_level_6:	0
Topic: 301	-	P&RCurve_at_recall_level_7:	0
Topic: 301	-	P&RCurve_at_recall_level_8:	0
Topic: 301	-	P&RCurve_at_recall_level_9:	0
Topic: 301	-	P&RCurve_at_recall_level_10:	0
Topic: 302	-	P&RCurve_at_recall_level_0:	1
Topic: 302	-	P&RCurve_at_recall_level_1:	0,8421
Topic: 302	-	P&RCurve_at_recall_level_2:	0,8421
Topic: 302	-	P&RCurve_at_recall_level_3:	0,7419
Topic: 302	-	P&RCurve_at_recall_level_4:	0,6863
Topic: 302	-	P&RCurve_at_recall_level_5:	0,5417
Topic: 302	-	P&RCurve_at_recall_level_6:	0,1420
Topic: 302	-	P&RCurve_at_recall_level_7:	0
Topic: 302	-	P&RCurve_at_recall_level_8:	0
Topic: 302	-	P&RCurve_at_recall_level_9:	0
Topic: 302	-	P&RCurve_at_recall_level_10:	0
Topic: 303	-	P&RCurve_at_recall_level_0:	0,1136
Topic: 303	-	P&RCurve_at_recall_level_1:	0,1136
Topic: 303	-	P&RCurve_at_recall_level_2:	0,1136
Topic: 303	-	P&RCurve_at_recall_level_3:	0,1136
Topic: 303	-	P&RCurve_at_recall_level_4:	0,1136
Topic: 303	-	P&RCurve_at_recall_level_5:	0,1136
Topic: 303	-	P&RCurve_at_recall_level_6:	0,1045
Topic: 303	-	P&RCurve_at_recall_level_7:	0,1045
Topic: 303	-	P&RCurve_at_recall_level_8:	0,0935
Topic: 303	-	P&RCurve_at_recall_level_9:	0,0935
Topic: 303	-	P&RCurve_at_recall_level_10:	0,0935
Topic: ALL	-	P&RCurve_at_recall_level_0:	0,4665
Topic: ALL	-	P&RCurve_at_recall_level_1:	0,3884
Topic: ALL	-	P&RCurve_at_recall_level_2:	0,3186
Topic: ALL	-	P&RCurve_at_recall_level_3:	0,2852
Topic: ALL	-	P&RCurve_at_recall_level_4:	0,2666
Topic: ALL	-	P&RCurve_at_recall_level_5:	0,2184
Topic: ALL	-	P&RCurve_at_recall_level_6:	0,0822
Topic: ALL	-	P&RCurve_at_recall_level_7:	0,0348
Topic: ALL	-	P&RCurve_at_recall_level_8:	0,0312
Topic: ALL	-	P&RCurve_at_recall_level_9:	0,0312
Topic: ALL	-	P&RCurve_at_recall_level_10:	0,0312
Topic: 301	-	P_at_5: 	0
Topic: 302	-	P_at_5: 	0,8000
Topic: 303	-	P_at_5: 	0
Topic: ALL	-	P_at_5: 	0,2667
Topic: 301	-	P_at_10: 	0,2000
Topic: 302	-	P_at_10: 	0,7000
Topic: 303	-	P_at_10: 	0
Topic: ALL	-	P_at_10: 	0,3000
Topic: 301	-	P_at_15: 	0,1333
Topic: 302	-	P_at_15: 	0,8000
Topic: 303	-	P_at_15: 	0
Topic: ALL	-	P_at_15: 	0,3111
Topic: 301	-	P_at_20: 	0,2500
Topic: 302	-	P_at_20: 	0,8000
Topic: 303	-	P_at_20: 	0,0500
Topic: ALL	-	P_at_20: 	0,3667
Topic: 301	-	P_at_30: 	0,2333
Topic: 302	-	P_at_30: 	0,7333
Topic: 303	-	P_at_30: 	0,0333
Topic: ALL	-	P_at_30: 	0,3333
Topic: 301	-	P_at_100: 	0,2300
Topic: 302	-	P_at_100: 	0,4200
Topic: 303	-	P_at_100: 	0,0900
Topic: ALL	-	P_at_100: 	0,2467
Topic: 301	-	P_at_200: 	0,2100
Topic: 302	-	P_at_200: 	0,2200
Topic: 303	-	P_at_200: 	0,0500
Topic: ALL	-	P_at_200: 	0,1600
Topic: 301	-	P_at_500: 	0,1420
Topic: 302	-	P_at_500: 	0,1000
Topic: 303	-	P_at_500: 	0,0200
Topic: ALL	-	P_at_500: 	0,0873
Topic: 301	-	P_at_1000: 	0,0710
Topic: 302	-	P_at_1000: 	0,0500
Topic: 303	-	P_at_1000: 	0,0100
Topic: ALL	-	P_at_1000: 	0,0437
Topic: 301	-	NDCG: 	0,1584
Topic: 302	-	NDCG: 	0,6617
Topic: 303	-	NDCG: 	0,3862
Topic: ALL	-	NDCG: 	0,4021

